0 info it worked if it ends with ok
1 verbose cli [ 'D:\\programas\\nodejs\\node.exe',
1 verbose cli   'D:\\programas\\nodejs\\node_modules\\npm\\bin\\npm-cli.js',
1 verbose cli   'start' ]
2 info using npm@3.10.10
3 info using node@v6.11.5
4 verbose run-script [ 'prestart', 'start', 'poststart' ]
5 info lifecycle apireserved@0.0.0~prestart: apireserved@0.0.0
6 silly lifecycle apireserved@0.0.0~prestart: no script for prestart, continuing
7 info lifecycle apireserved@0.0.0~start: apireserved@0.0.0
8 verbose lifecycle apireserved@0.0.0~start: unsafe-perm in lifecycle true
9 verbose lifecycle apireserved@0.0.0~start: PATH: D:\programas\nodejs\node_modules\npm\bin\node-gyp-bin;D:\githubreserved\ApiReserved\node_modules\.bin;C:\ProgramData\Oracle\Java\javapath;C:\Windows\system32;C:\Windows;C:\Windows\System32\Wbem;C:\Windows\System32\WindowsPowerShell\v1.0\;C:\Program Files (x86)\NVIDIA Corporation\PhysX\Common;D:\programas\skype\Phone\;C:\Program Files\Intel\WiFi\bin\;C:\Program Files\Common Files\Intel\WirelessCommon\;D:\programas\nodejs\;D:\programas\Git\cmd;C:\Program Files\Common Files\Autodesk Shared\;C:\Program Files (x86)\Autodesk\Backburner\;%SystemRoot%\system32;%SystemRoot%;%SystemRoot%\System32\Wbem;%SYSTEMROOT%\System32\WindowsPowerShell\v1.0\;%SYSTEMROOT%\System32\OpenSSH\;C:\Users\serla\AppData\Local\Microsoft\WindowsApps;D:\programas\MicrosoftVSCode\bin;C:\Program Files\Intel\WiFi\bin\;C:\Program Files\Common Files\Intel\WirelessCommon\;C:\Users\serla\AppData\Local\atom\bin;C:\Users\serla\AppData\Roaming\npm;%USERPROFILE%\AppData\Local\Microsoft\WindowsApps;
10 verbose lifecycle apireserved@0.0.0~start: CWD: D:\githubreserved\ApiReserved
11 silly lifecycle apireserved@0.0.0~start: Args: [ '/d /s /c', 'nodemon ./bin/www' ]
12 silly lifecycle apireserved@0.0.0~start: Returned: code: 3221225786  signal: null
13 info lifecycle apireserved@0.0.0~start: Failed to exec start script
14 verbose stack Error: apireserved@0.0.0 start: `nodemon ./bin/www`
14 verbose stack Exit status 3221225786
14 verbose stack     at EventEmitter.<anonymous> (D:\programas\nodejs\node_modules\npm\lib\utils\lifecycle.js:255:16)
14 verbose stack     at emitTwo (events.js:106:13)
14 verbose stack     at EventEmitter.emit (events.js:191:7)
14 verbose stack     at ChildProcess.<anonymous> (D:\programas\nodejs\node_modules\npm\lib\utils\spawn.js:40:14)
14 verbose stack     at emitTwo (events.js:106:13)
14 verbose stack     at ChildProcess.emit (events.js:191:7)
14 verbose stack     at maybeClose (internal/child_process.js:920:16)
14 verbose stack     at Process.ChildProcess._handle.onexit (internal/child_process.js:230:5)
15 verbose pkgid apireserved@0.0.0
16 verbose cwd D:\githubreserved\ApiReserved
17 error Windows_NT 10.0.17134
18 error argv "D:\\programas\\nodejs\\node.exe" "D:\\programas\\nodejs\\node_modules\\npm\\bin\\npm-cli.js" "start"
19 error node v6.11.5
20 error npm  v3.10.10
21 error code ELIFECYCLE
22 error apireserved@0.0.0 start: `nodemon ./bin/www`
22 error Exit status 3221225786
23 error Failed at the apireserved@0.0.0 start script 'nodemon ./bin/www'.
23 error Make sure you have the latest version of node.js and npm installed.
23 error If you do, this is most likely a problem with the apireserved package,
23 error not with npm itself.
23 error Tell the author that this fails on your system:
23 error     nodemon ./bin/www
23 error You can get information on how to open an issue for this project with:
23 error     npm bugs apireserved
23 error Or if that isn't available, you can get their info via:
23 error     npm owner ls apireserved
23 error There is likely additional logging output above.
24 verbose exit [ 1, true ]
